mar. 04, 2025 1:00:54 PM liquibase.changelog
INFORMAÇÕES: Reading resource: db/changelog/migrations/db-changelog-202503032340.sql
mar. 04, 2025 1:00:54 PM liquibase.changelog
INFORMAÇÕES: Reading resource: db/changelog/migrations/db-changelog-202504031200.sql
mar. 04, 2025 1:00:54 PM liquibase.changelog
INFORMAÇÕES: Reading resource: db/changelog/migrations/db-changelog-202504031215.sql
mar. 04, 2025 1:00:54 PM liquibase.changelog
INFORMAÇÕES: Reading resource: db/changelog/migrations/db-changelog-202504031220.sql
mar. 04, 2025 1:00:54 PM liquibase.changelog
INFORMAÇÕES: Reading from board.DATABASECHANGELOG
Database is up to date, no changesets to execute
mar. 04, 2025 1:00:54 PM liquibase.changelog
INFORMAÇÕES: Reading from board.DATABASECHANGELOG

UPDATE SUMMARY
Run:                          0
Previously run:               4
Filtered out:                 0
-------------------------------
Total change sets:            4

mar. 04, 2025 1:00:54 PM liquibase.util
INFORMAÇÕES: UPDATE SUMMARY
mar. 04, 2025 1:00:54 PM liquibase.util
INFORMAÇÕES: Run:                          0
mar. 04, 2025 1:00:54 PM liquibase.util
INFORMAÇÕES: Previously run:               4
mar. 04, 2025 1:00:54 PM liquibase.util
INFORMAÇÕES: Filtered out:                 0
mar. 04, 2025 1:00:54 PM liquibase.util
INFORMAÇÕES: -------------------------------
mar. 04, 2025 1:00:54 PM liquibase.util
INFORMAÇÕES: Total change sets:            4
mar. 04, 2025 1:00:54 PM liquibase.util
INFORMAÇÕES: Update summary generated
mar. 04, 2025 1:00:54 PM liquibase.lockservice
INFORMAÇÕES: Successfully released change log lock
mar. 04, 2025 1:00:54 PM liquibase.command
INFORMAÇÕES: Command execution complete
